<?xml version="1.0" encoding="UTF-8"?>
<testsuite name="wordcount.AppTest" tests="2" skipped="0" failures="0" errors="0" timestamp="2023-12-08T01:19:24" hostname="desktop" time="3.247">
  <properties/>
  <testcase name="testRegisterActions" classname="wordcount.AppTest" time="2.008"/>
  <testcase name="testInitialize" classname="wordcount.AppTest" time="1.238"/>
  <system-out><![CDATA[Initializing
Connected to bot with name: testbot
Got actions path: /home/mast3r/git/wordcount/app/src/main/java/wordcount/actions
Got action: wordcount.actions.Count
Got method: initialize
Got action: wordcount.actions.Makepdf
Got method: initialize
Got commands: count	makepdf
Initializing
Connected to bot with name: testbot
]]></system-out>
  <system-err><![CDATA[SLF4J: Failed to load class "org.slf4j.impl.StaticLoggerBinder".
SLF4J: Defaulting to no-operation (NOP) logger implementation
SLF4J: See http://www.slf4j.org/codes.html#StaticLoggerBinder for further details.
SLF4J: Failed to load class "org.slf4j.impl.StaticMDCBinder".
SLF4J: Defaulting to no-operation MDCAdapter implementation.
SLF4J: See http://www.slf4j.org/codes.html#no_static_mdc_binder for further details.
[Test worker] INFO JDA - Login Successful!
[JDA MainWS-WriteThread] INFO WebSocketClient - Connected to WebSocket
[JDA MainWS-ReadThread] INFO JDA - Finished Loading!
[Test worker] INFO JDA - Login Successful!
[JDA MainWS-ReadThread] INFO WebSocketClient - Connected to WebSocket
[JDA MainWS-ReadThread] INFO JDA - Finished Loading!
]]></system-err>
</testsuite>
